<?xml version="1.0" encoding="UTF-8"?>
<testng-results skipped="0" failed="0" ignored="0" total="1" passed="1">
  <reporter-output>
  </reporter-output>
  <suite name="Suite" duration-ms="33569" started-at="2022-12-16T09:48:07 IST" finished-at="2022-12-16T09:48:41 IST">
    <groups>
    </groups>
    <test name="Test" duration-ms="33569" started-at="2022-12-16T09:48:07 IST" finished-at="2022-12-16T09:48:41 IST">
      <class name="com.test.Fb">
        <test-method status="PASS" signature="login(java.lang.String,java.lang.String)[pri:0, instance:com.test.Fb@36b4cef0]" name="login" duration-ms="33508" started-at="2022-12-16T09:48:07 IST" finished-at="2022-12-16T09:48:41 IST">
          <params>
            <param index="0">
              <value>
                <![CDATA[Rajalingam]]>
              </value>
            </param>
            <param index="1">
              <value>
                <![CDATA[1234]]>
              </value>
            </param>
          </params>
          <reporter-output>
          </reporter-output>
        </test-method> <!-- login -->
      </class> <!-- com.test.Fb -->
    </test> <!-- Test -->
  </suite> <!-- Suite -->
</testng-results>
